TN:
SF:src\Block.js
FN:18,(anonymous_0)
FN:25,(anonymous_1)
FN:29,(anonymous_2)
FN:33,(anonymous_3)
FN:37,(anonymous_4)
FN:41,(anonymous_5)
FN:45,(anonymous_6)
FN:49,(anonymous_7)
FN:53,(anonymous_8)
FNF:9
FNH:9
FNDA:6,(anonymous_0)
FNDA:3,(anonymous_1)
FNDA:1,(anonymous_2)
FNDA:1,(anonymous_3)
FNDA:1,(anonymous_4)
FNDA:1,(anonymous_5)
FNDA:1,(anonymous_6)
FNDA:1,(anonymous_7)
FNDA:1,(anonymous_8)
DA:10,6
DA:11,6
DA:12,6
DA:13,6
DA:19,6
DA:20,4
DA:22,6
DA:26,3
DA:30,1
DA:34,1
DA:38,1
DA:42,1
DA:46,1
DA:50,1
DA:54,1
LF:15
LH:15
BRDA:18,0,0,4
BRDA:19,1,0,4
BRDA:19,1,1,2
BRF:3
BRH:3
end_of_record
TN:
SF:src\BlockType.js
FNF:0
FNH:0
DA:8,1
DA:9,1
DA:10,1
DA:11,1
DA:12,1
DA:13,1
DA:14,1
DA:15,1
DA:16,1
DA:17,1
DA:18,1
DA:19,1
LF:12
LH:12
BRF:0
BRH:0
end_of_record
TN:
SF:src\Editor.js
FN:43,(anonymous_0)
FN:61,(anonymous_1)
FN:130,(anonymous_2)
FN:134,(anonymous_3)
FN:141,(anonymous_4)
FN:145,(anonymous_5)
FN:150,(anonymous_6)
FN:156,(anonymous_7)
FN:167,(anonymous_8)
FN:205,(anonymous_9)
FN:236,(anonymous_10)
FN:258,(anonymous_11)
FN:272,(anonymous_12)
FN:290,(anonymous_13)
FN:352,(anonymous_14)
FN:372,(anonymous_15)
FN:409,(anonymous_16)
FNF:17
FNH:0
FNDA:0,(anonymous_0)
FNDA:0,(anonymous_1)
FNDA:0,(anonymous_2)
FNDA:0,(anonymous_3)
FNDA:0,(anonymous_4)
FNDA:0,(anonymous_5)
FNDA:0,(anonymous_6)
FNDA:0,(anonymous_7)
FNDA:0,(anonymous_8)
FNDA:0,(anonymous_9)
FNDA:0,(anonymous_10)
FNDA:0,(anonymous_11)
FNDA:0,(anonymous_12)
FNDA:0,(anonymous_13)
FNDA:0,(anonymous_14)
FNDA:0,(anonymous_15)
FNDA:0,(anonymous_16)
DA:23,0
DA:26,0
DA:31,0
DA:37,0
DA:45,0
DA:47,0
DA:49,0
DA:50,0
DA:53,0
DA:54,0
DA:63,0
DA:65,0
DA:67,0
DA:69,0
DA:71,0
DA:73,0
DA:75,0
DA:76,0
DA:100,0
DA:101,0
DA:104,0
DA:106,0
DA:107,0
DA:108,0
DA:109,0
DA:111,0
DA:113,0
DA:119,0
DA:122,0
DA:123,0
DA:132,0
DA:134,0
DA:135,0
DA:136,0
DA:137,0
DA:141,0
DA:142,0
DA:145,0
DA:146,0
DA:150,0
DA:151,0
DA:152,0
DA:156,0
DA:157,0
DA:158,0
DA:169,0
DA:171,0
DA:172,0
DA:175,0
DA:178,0
DA:179,0
DA:180,0
DA:183,0
DA:184,0
DA:187,0
DA:191,0
DA:192,0
DA:195,0
DA:198,0
DA:207,0
DA:211,0
DA:213,0
DA:215,0
DA:216,0
DA:219,0
DA:221,0
DA:223,0
DA:224,0
DA:226,0
DA:227,0
DA:229,0
DA:238,0
DA:240,0
DA:245,0
DA:246,0
DA:247,0
DA:250,0
DA:260,0
DA:262,0
DA:264,0
DA:274,0
DA:276,0
DA:278,0
DA:281,0
DA:283,0
DA:294,0
DA:296,0
DA:297,0
DA:300,0
DA:301,0
DA:302,0
DA:306,0
DA:307,0
DA:308,0
DA:311,0
DA:312,0
DA:313,0
DA:316,0
DA:317,0
DA:318,0
DA:321,0
DA:322,0
DA:323,0
DA:326,0
DA:327,0
DA:328,0
DA:331,0
DA:332,0
DA:333,0
DA:336,0
DA:337,0
DA:338,0
DA:341,0
DA:342,0
DA:343,0
DA:346,0
DA:354,0
DA:358,0
DA:359,0
DA:360,0
DA:361,0
DA:362,0
DA:363,0
DA:364,0
DA:365,0
DA:374,0
DA:376,0
DA:378,0
DA:380,0
DA:381,0
DA:384,0
DA:385,0
DA:388,0
DA:389,0
DA:392,0
DA:393,0
DA:394,0
DA:399,0
DA:400,0
DA:401,0
DA:402,0
DA:411,0
DA:413,0
DA:414,0
DA:416,0
DA:419,0
DA:420,0
DA:422,0
DA:426,0
DA:433,0
DA:435,0
LF:151
LH:0
BRDA:43,0,0,0
BRDA:47,1,0,0
BRDA:47,1,1,0
BRDA:49,2,0,0
BRDA:49,2,1,0
BRDA:75,3,0,0
BRDA:75,3,1,0
BRDA:106,4,0,0
BRDA:106,4,1,0
BRDA:122,5,0,0
BRDA:122,5,1,0
BRDA:135,6,0,0
BRDA:135,6,1,0
BRDA:157,7,0,0
BRDA:157,7,1,0
BRDA:167,8,0,0
BRDA:171,9,0,0
BRDA:171,9,1,0
BRDA:178,10,0,0
BRDA:178,10,1,0
BRDA:178,11,0,0
BRDA:178,11,1,0
BRDA:211,12,0,0
BRDA:211,12,1,0
BRDA:215,13,0,0
BRDA:215,13,1,0
BRDA:223,14,0,0
BRDA:223,14,1,0
BRDA:245,15,0,0
BRDA:245,15,1,0
BRDA:300,16,0,0
BRDA:300,16,1,0
BRDA:300,17,0,0
BRDA:300,17,1,0
BRDA:306,18,0,0
BRDA:306,18,1,0
BRDA:306,19,0,0
BRDA:306,19,1,0
BRDA:311,20,0,0
BRDA:311,20,1,0
BRDA:316,21,0,0
BRDA:316,21,1,0
BRDA:321,22,0,0
BRDA:321,22,1,0
BRDA:326,23,0,0
BRDA:326,23,1,0
BRDA:331,24,0,0
BRDA:331,24,1,0
BRDA:336,25,0,0
BRDA:336,25,1,0
BRDA:341,26,0,0
BRDA:341,26,1,0
BRDA:358,27,0,0
BRDA:358,27,1,0
BRDA:358,28,0,0
BRDA:358,28,1,0
BRDA:384,29,0,0
BRDA:384,29,1,0
BRDA:388,30,0,0
BRDA:388,30,1,0
BRDA:392,31,0,0
BRDA:392,31,1,0
BRDA:399,32,0,0
BRDA:399,32,1,0
BRDA:419,33,0,0
BRDA:419,33,1,0
BRF:66
BRH:0
end_of_record
TN:
SF:src\Event.js
FNF:0
FNH:0
LF:0
LH:0
BRF:0
BRH:0
end_of_record
TN:
SF:src\Parser.js
FN:17,(anonymous_0)
FN:22,getTextContent
FN:31,(anonymous_2)
FN:52,(anonymous_3)
FNF:4
FNH:0
FNDA:0,(anonymous_0)
FNDA:0,getTextContent
FNDA:0,(anonymous_2)
FNDA:0,(anonymous_3)
DA:19,0
DA:23,0
DA:27,0
DA:29,0
DA:31,0
DA:32,0
DA:33,0
DA:36,0
DA:38,0
DA:54,0
DA:56,0
DA:59,0
DA:61,0
DA:63,0
DA:65,0
DA:66,0
DA:68,0
DA:71,0
DA:73,0
LF:19
LH:0
BRDA:42,0,0,0
BRDA:42,0,1,0
BRDA:63,1,0,0
BRDA:63,1,1,0
BRF:4
BRH:0
end_of_record
TN:
SF:src\Toolbar.js
FN:13,(anonymous_0)
FN:21,(anonymous_1)
FN:28,(anonymous_2)
FN:38,(anonymous_3)
FN:45,(anonymous_4)
FN:52,(anonymous_5)
FN:59,(anonymous_6)
FN:66,(anonymous_7)
FN:73,(anonymous_8)
FN:80,(anonymous_9)
FN:91,(anonymous_10)
FN:98,(anonymous_11)
FN:105,(anonymous_12)
FN:112,(anonymous_13)
FN:122,(anonymous_14)
FN:132,(anonymous_15)
FN:142,(anonymous_16)
FN:152,(anonymous_17)
FN:173,(anonymous_18)
FN:185,(anonymous_19)
FN:206,(anonymous_20)
FN:219,(anonymous_21)
FN:235,(anonymous_22)
FN:251,(anonymous_23)
FN:267,(anonymous_24)
FN:284,(anonymous_25)
FN:292,(anonymous_26)
FN:303,(anonymous_27)
FN:310,(anonymous_28)
FN:317,(anonymous_29)
FN:324,(anonymous_30)
FN:331,(anonymous_31)
FN:338,(anonymous_32)
FN:345,(anonymous_33)
FN:357,(anonymous_34)
FN:364,(anonymous_35)
FN:371,(anonymous_36)
FN:378,(anonymous_37)
FN:389,(anonymous_38)
FN:396,(anonymous_39)
FN:403,(anonymous_40)
FN:414,(anonymous_41)
FN:425,(anonymous_42)
FN:432,(anonymous_43)
FN:439,(anonymous_44)
FNF:45
FNH:0
FNDA:0,(anonymous_0)
FNDA:0,(anonymous_1)
FNDA:0,(anonymous_2)
FNDA:0,(anonymous_3)
FNDA:0,(anonymous_4)
FNDA:0,(anonymous_5)
FNDA:0,(anonymous_6)
FNDA:0,(anonymous_7)
FNDA:0,(anonymous_8)
FNDA:0,(anonymous_9)
FNDA:0,(anonymous_10)
FNDA:0,(anonymous_11)
FNDA:0,(anonymous_12)
FNDA:0,(anonymous_13)
FNDA:0,(anonymous_14)
FNDA:0,(anonymous_15)
FNDA:0,(anonymous_16)
FNDA:0,(anonymous_17)
FNDA:0,(anonymous_18)
FNDA:0,(anonymous_19)
FNDA:0,(anonymous_20)
FNDA:0,(anonymous_21)
FNDA:0,(anonymous_22)
FNDA:0,(anonymous_23)
FNDA:0,(anonymous_24)
FNDA:0,(anonymous_25)
FNDA:0,(anonymous_26)
FNDA:0,(anonymous_27)
FNDA:0,(anonymous_28)
FNDA:0,(anonymous_29)
FNDA:0,(anonymous_30)
FNDA:0,(anonymous_31)
FNDA:0,(anonymous_32)
FNDA:0,(anonymous_33)
FNDA:0,(anonymous_34)
FNDA:0,(anonymous_35)
FNDA:0,(anonymous_36)
FNDA:0,(anonymous_37)
FNDA:0,(anonymous_38)
FNDA:0,(anonymous_39)
FNDA:0,(anonymous_40)
FNDA:0,(anonymous_41)
FNDA:0,(anonymous_42)
FNDA:0,(anonymous_43)
FNDA:0,(anonymous_44)
DA:11,0
DA:15,0
DA:23,0
DA:24,0
DA:25,0
DA:30,0
DA:31,0
DA:32,0
DA:40,0
DA:41,0
DA:42,0
DA:47,0
DA:48,0
DA:49,0
DA:54,0
DA:55,0
DA:56,0
DA:61,0
DA:62,0
DA:63,0
DA:68,0
DA:69,0
DA:70,0
DA:75,0
DA:76,0
DA:77,0
DA:82,0
DA:83,0
DA:84,0
DA:93,0
DA:94,0
DA:95,0
DA:100,0
DA:101,0
DA:102,0
DA:107,0
DA:108,0
DA:109,0
DA:114,0
DA:115,0
DA:116,0
DA:124,0
DA:125,0
DA:126,0
DA:134,0
DA:135,0
DA:136,0
DA:144,0
DA:146,0
DA:154,0
DA:156,0
DA:157,0
DA:159,0
DA:160,0
DA:162,0
DA:165,0
DA:167,0
DA:175,0
DA:177,0
DA:179,0
DA:187,0
DA:189,0
DA:191,0
DA:192,0
DA:193,0
DA:195,0
DA:197,0
DA:199,0
DA:208,0
DA:211,0
DA:213,0
DA:221,0
DA:223,0
DA:224,0
DA:225,0
DA:227,0
DA:228,0
DA:229,0
DA:237,0
DA:239,0
DA:240,0
DA:241,0
DA:243,0
DA:244,0
DA:245,0
DA:253,0
DA:255,0
DA:256,0
DA:257,0
DA:259,0
DA:260,0
DA:261,0
DA:269,0
DA:271,0
DA:276,0
DA:282,0
DA:286,0
DA:287,0
DA:290,0
DA:293,0
DA:294,0
DA:301,0
DA:304,0
DA:305,0
DA:308,0
DA:311,0
DA:312,0
DA:315,0
DA:318,0
DA:319,0
DA:322,0
DA:325,0
DA:326,0
DA:329,0
DA:332,0
DA:333,0
DA:336,0
DA:339,0
DA:340,0
DA:343,0
DA:346,0
DA:347,0
DA:355,0
DA:358,0
DA:359,0
DA:362,0
DA:365,0
DA:366,0
DA:369,0
DA:372,0
DA:373,0
DA:376,0
DA:379,0
DA:380,0
DA:387,0
DA:390,0
DA:391,0
DA:394,0
DA:397,0
DA:398,0
DA:401,0
DA:404,0
DA:405,0
DA:412,0
DA:415,0
DA:416,0
DA:423,0
DA:425,0
DA:426,0
DA:427,0
DA:430,0
DA:433,0
DA:434,0
DA:437,0
DA:440,0
DA:441,0
LF:156
LH:0
BRDA:159,0,0,0
BRDA:159,0,1,0
BRDA:159,1,0,0
BRDA:159,1,1,0
BRDA:191,2,0,0
BRDA:191,2,1,0
BRF:6
BRH:0
end_of_record
TN:
SF:src\Utils.js
FN:15,(anonymous_0)
FN:29,(anonymous_1)
FN:42,(anonymous_2)
FN:53,(anonymous_3)
FN:96,(anonymous_4)
FN:97,(anonymous_5)
FNF:6
FNH:0
FNDA:0,(anonymous_0)
FNDA:0,(anonymous_1)
FNDA:0,(anonymous_2)
FNDA:0,(anonymous_3)
FNDA:0,(anonymous_4)
FNDA:0,(anonymous_5)
DA:17,0
DA:19,0
DA:20,0
DA:31,0
DA:34,0
DA:39,0
DA:40,0
DA:42,0
DA:43,0
DA:55,0
DA:58,0
DA:59,0
DA:64,0
DA:65,0
DA:69,0
DA:70,0
DA:74,0
DA:75,0
DA:78,0
DA:79,0
DA:83,0
DA:86,0
DA:88,0
DA:96,0
DA:97,0
LF:25
LH:0
BRDA:29,0,0,0
BRDA:34,1,0,0
BRDA:34,1,1,0
BRDA:34,2,0,0
BRDA:34,2,1,0
BRDA:43,3,0,0
BRDA:43,3,1,0
BRF:7
BRH:0
end_of_record
TN:
SF:src\utils\eventEmitter.js
FN:24,(anonymous_0)
FN:36,(anonymous_1)
FN:40,(anonymous_2)
FN:50,(anonymous_3)
FN:61,(anonymous_4)
FN:67,(anonymous_5)
FN:79,(anonymous_6)
FN:80,(anonymous_7)
FN:81,(anonymous_8)
FNF:9
FNH:0
FNDA:0,(anonymous_0)
FNDA:0,(anonymous_1)
FNDA:0,(anonymous_2)
FNDA:0,(anonymous_3)
FNDA:0,(anonymous_4)
FNDA:0,(anonymous_5)
FNDA:0,(anonymous_6)
FNDA:0,(anonymous_7)
FNDA:0,(anonymous_8)
DA:14,0
DA:26,0
DA:27,0
DA:38,0
DA:40,0
DA:41,0
DA:42,0
DA:44,0
DA:49,0
DA:51,0
DA:63,0
DA:64,0
DA:65,0
DA:67,0
DA:68,0
DA:69,0
DA:71,0
DA:80,0
DA:81,0
DA:82,0
DA:83,0
DA:85,0
LF:22
LH:0
BRDA:24,0,0,0
BRDA:26,1,0,0
BRDA:26,1,1,0
BRDA:38,2,0,0
BRDA:38,2,1,0
BRDA:41,3,0,0
BRDA:41,3,1,0
BRDA:51,4,0,0
BRDA:51,4,1,0
BRDA:63,5,0,0
BRDA:63,5,1,0
BRDA:67,6,0,0
BRDA:67,6,1,0
BRF:13
BRH:0
end_of_record
TN:
SF:src\utils\log.js
FN:12,(anonymous_0)
FN:49,(anonymous_1)
FN:61,(anonymous_2)
FNF:3
FNH:0
FNDA:0,(anonymous_0)
FNDA:0,(anonymous_1)
FNDA:0,(anonymous_2)
DA:3,0
DA:12,0
DA:16,0
DA:17,0
DA:19,0
DA:21,0
DA:23,0
DA:24,0
DA:25,0
DA:26,0
DA:27,0
DA:29,0
DA:31,0
DA:49,0
DA:51,0
DA:61,0
DA:63,0
LF:17
LH:0
BRDA:12,0,0,0
BRDA:12,1,0,0
BRDA:12,2,0,0
BRDA:12,3,0,0
BRDA:16,4,0,0
BRDA:16,4,1,0
BRDA:49,5,0,0
BRDA:49,6,0,0
BRDA:49,7,0,0
BRDA:49,8,0,0
BRDA:61,9,0,0
BRDA:61,10,0,0
BRDA:61,11,0,0
BRDA:61,12,0,0
BRF:14
BRH:0
end_of_record
